\BOOKMARK [1][-]{section.1}{Introduction}{}% 1
\BOOKMARK [2][-]{subsection.1.1}{Problem formulation}{section.1}% 2
\BOOKMARK [2][-]{subsection.1.2}{Related work}{section.1}% 3
\BOOKMARK [1][-]{section.2}{Preliminaries}{}% 4
\BOOKMARK [2][-]{subsection.2.1}{Ontology}{section.2}% 5
\BOOKMARK [2][-]{subsection.2.2}{Description Logics}{section.2}% 6
\BOOKMARK [3][-]{subsubsection.2.2.1}{Syntax and semantics}{subsection.2.2}% 7
\BOOKMARK [3][-]{subsubsection.2.2.2}{Reasoning services}{subsection.2.2}% 8
\BOOKMARK [2][-]{subsection.2.3}{Tableau method reasoning}{section.2}% 9
\BOOKMARK [1][-]{section.3}{Qualitative spatial reasoning}{}% 10
\BOOKMARK [2][-]{subsection.3.1}{State of the art}{section.3}% 11
\BOOKMARK [3][-]{subsubsection.3.1.1}{Topology}{subsection.3.1}% 12
\BOOKMARK [3][-]{subsubsection.3.1.2}{Direction}{subsection.3.1}% 13
\BOOKMARK [2][-]{subsection.3.2}{Role Box}{section.3}% 14
\BOOKMARK [3][-]{subsubsection.3.2.1}{Syntax and semantics of roles}{subsection.3.2}% 15
\BOOKMARK [2][-]{subsection.3.3}{From image to symbolic representation}{section.3}% 16
\BOOKMARK [2][-]{subsection.3.4}{Spatial reasoning using tableaux method}{section.3}% 17
\BOOKMARK [1][-]{section.4}{Abductive reasoning}{}% 18
\BOOKMARK [2][-]{subsection.4.1}{State of the art of abductive reasoning}{section.4}% 19
\BOOKMARK [2][-]{subsection.4.2}{Abductive reasoning for image interpretation}{section.4}% 20
\BOOKMARK [2][-]{subsection.4.3}{Minimality criteria}{section.4}% 21
\BOOKMARK [1][-]{section.5}{Perspectives}{}% 22
\BOOKMARK [1][-]{section.6}{Activities}{}% 23
